Cypress/e2e/fulfillmentCenter/Files/files.cy.ts(179,9): error TS2740: Type 'BaseMessage<any> & { statusCode: number; statusMessage: string; throttleKbps?: number; delay?: number; } & { send(status: number, body?: string | number | object, headers?: { [key: string]: string; }): void; send(body: string | object, headers?: { ...; }): void; send(staticResponse: StaticResponse): void; send(): vo...' is missing the following properties from type 'any[]': length, pop, push, concat, and 29 more.
Cypress/e2e/pending-actions/project-dashboard-card.cy.ts(2,10): error TS2305: Module '"@constants/queryKeys"' has no exported member 'FETCH_PROJECT_ANALYTICS_KEY'.
